<?xml version="1.0" encoding="UTF-8"?>
<!-- Generated by org.testng.reporters.JUnitReportReporter -->
<testsuite skipped="0" hostname="TYSS-4F-038" name="com.puma.tests.MenShoesTest" tests="1" failures="0" timestamp="02 May 2018 06:18:16 GMT" time="75.562" errors="0">
  <testcase name="testMenShoerunning" time="75.562" classname="com.puma.tests.MenShoesTest"/>
</testsuite> <!-- com.puma.tests.MenShoesTest -->
